<?xml version="1.0" encoding="UTF-8"?>
<testng-results ignored="0" total="1" passed="1" failed="0" skipped="0">
  <reporter-output>
  </reporter-output>
  <suite started-at="2024-03-29T12:32:27 GMT-04:00" name="Default suite" finished-at="2024-03-29T12:32:33 GMT-04:00" duration-ms="5793">
    <groups>
      <group name="cucumber">
        <method signature="AbstractTestNGCucumberTests.runScenario(io.cucumber.testng.PickleWrapper,io.cucumber.testng.FeatureWrapper)[pri:0, instance:Runner.TestRunner@34e9fd99]" name="runScenario" class="io.cucumber.testng.AbstractTestNGCucumberTests"/>
      </group> <!-- cucumber -->
    </groups>
    <test started-at="2024-03-29T12:32:27 GMT-04:00" name="Default test" finished-at="2024-03-29T12:32:33 GMT-04:00" duration-ms="5793">
      <class name="Runner.TestRunner">
        <test-method is-config="true" signature="setUpClass(org.testng.ITestContext)[pri:0, instance:Runner.TestRunner@34e9fd99]" started-at="2024-03-29T12:32:27 GMT-04:00" name="setUpClass" finished-at="2024-03-29T12:32:28 GMT-04:00" duration-ms="565" status="PASS">
          <params>
            <param index="0">
              <value>
                <![CDATA[org.testng.TestRunner@e09f1b6]]>
              </value>
            </param>
          </params>
          <reporter-output>
          </reporter-output>
        </test-method> <!-- setUpClass -->
        <test-method signature="runScenario(io.cucumber.testng.PickleWrapper,io.cucumber.testng.FeatureWrapper)[pri:0, instance:Runner.TestRunner@34e9fd99]" started-at="2024-03-29T12:32:28 GMT-04:00" name="runScenario" description="Runs Cucumber Scenarios" data-provider="scenarios" finished-at="2024-03-29T12:32:31 GMT-04:00" duration-ms="3754" status="PASS">
          <params>
            <param index="0">
              <value>
                <![CDATA["Registering user with given fields"]]>
              </value>
            </param>
            <param index="1">
              <value>
                <![CDATA["Registration with valid and invalid credentials"]]>
              </value>
            </param>
          </params>
          <reporter-output>
          </reporter-output>
        </test-method> <!-- runScenario -->
        <test-method is-config="true" signature="tearDownClass()[pri:0, instance:Runner.TestRunner@34e9fd99]" started-at="2024-03-29T12:32:31 GMT-04:00" name="tearDownClass" finished-at="2024-03-29T12:32:33 GMT-04:00" duration-ms="1427" status="PASS">
          <reporter-output>
          </reporter-output>
        </test-method> <!-- tearDownClass -->
      </class> <!-- Runner.TestRunner -->
    </test> <!-- Default test -->
  </suite> <!-- Default suite -->
</testng-results>
